<results>
	<resultChanged file='TestCase_001_results.xml'></resultChanged>
</results>
