<results>
	<match file='TestCase_001_results.xml'></match>
</results>
